<testsuite errors="3" failures="0" hostname="koliveirabpw1001" name="feature.soma.Soma" skipped="0" tests="3" time="0.0" timestamp="2018-05-21T12:49:38.101692"><testcase classname="feature.soma.Soma" name="Soma com dois numeros -- @1.1 " status="failed" time="0.0"><error message="'Context' object has no attribute 'sleep'" type="AttributeError">
<![CDATA[
Failing step: Dado Inserimos o valor 1 ... failed in 0.000s
Location: soma.feature:5

Captured stdout:
HOOK-ERROR in before_step: AttributeError: 'Context' object has no attribute 'sleep']]>
</error><system-out>
<![CDATA[
@scenario.begin

  @CenarioSoma1
  Esquema do Cenario: Soma com dois numeros -- @1.1 
    Dado Inserimos o valor 1 ... failed in 0.000s
    Quando quando temos a soma do primeiro com 2 ... skipped in 0.000s
    Entao teremos o resultado:8 ... skipped in 0.000s

@scenario.end
--------------------------------------------------------------------------------

Captured stdout:
HOOK-ERROR in before_step: AttributeError: 'Context' object has no attribute 'sleep'

]]>
</system-out></testcase><testcase classname="feature.soma.Soma" name="Soma com dois numeros -- @1.2 " status="failed" time="0.0"><error message="'Context' object has no attribute 'sleep'" type="AttributeError">
<![CDATA[
Failing step: Dado Inserimos o valor 1 ... failed in 0.000s
Location: soma.feature:5

Captured stdout:
HOOK-ERROR in before_step: AttributeError: 'Context' object has no attribute 'sleep']]>
</error><system-out>
<![CDATA[
@scenario.begin

  @CenarioSoma1
  Esquema do Cenario: Soma com dois numeros -- @1.2 
    Dado Inserimos o valor 1 ... failed in 0.000s
    Quando quando temos a soma do primeiro com 3 ... skipped in 0.000s
    Entao teremos o resultado:4 ... skipped in 0.000s

@scenario.end
--------------------------------------------------------------------------------

Captured stdout:
HOOK-ERROR in before_step: AttributeError: 'Context' object has no attribute 'sleep'

]]>
</system-out></testcase><testcase classname="feature.soma.Soma" name="Soma com tres numeros" status="failed" time="0.0"><error message="'Context' object has no attribute 'sleep'" type="AttributeError">
<![CDATA[
Failing step: Dado Zeramos o nosso contador ... failed in 0.000s
Location: soma.feature:16

Captured stdout:
HOOK-ERROR in before_step: AttributeError: 'Context' object has no attribute 'sleep']]>
</error><system-out>
<![CDATA[
@scenario.begin

  @CenarioSoma2
  Cenario: Soma com tres numeros
    Dado Zeramos o nosso contador ... failed in 0.000s
    Quando Inserimos o primeiro valor ... skipped in 0.000s
    E Somamos o segundo Valor ... skipped in 0.000s
    Entao Temos o valÃ³r de : ... skipped in 0.000s
    Mas e diferente de zero ... skipped in 0.000s

@scenario.end
--------------------------------------------------------------------------------

Captured stdout:
HOOK-ERROR in before_step: AttributeError: 'Context' object has no attribute 'sleep'

]]>
</system-out></testcase></testsuite>